<?xml version="1.0" encoding="UTF-8"?>
<testsuite xmlns:xsi="http://www.w3.org/2001/XMLSchema-instance" xsi:noNamespaceSchemaLocation="https://maven.apache.org/surefire/maven-surefire-plugin/xsd/surefire-test-report-3.0.xsd" version="3.0" name="fr.pantheonsorbonne.miage.PlayerTest" time="0.084" tests="15" errors="0" skipped="0" failures="0">
  <properties>
[...]
</properties>
  <testcase name="testingmaxValueCard" classname="fr.pantheonsorbonne.miage.PlayerTest" time="0.017"/>
  <testcase name="testingColorChooseInHand1" classname="fr.pantheonsorbonne.miage.PlayerTest" time="0.01"/>
  <testcase name="testingColorChooseInHand2" classname="fr.pantheonsorbonne.miage.PlayerTest" time="0.002"/>
  <testcase name="testingColorChooseInHand" classname="fr.pantheonsorbonne.miage.PlayerTest" time="0"/>
  <testcase name="playTheDrawenCard" classname="fr.pantheonsorbonne.miage.PlayerTest" time="0.001"/>
  <testcase name="testingPlayThisCard2" classname="fr.pantheonsorbonne.miage.PlayerTest" time="0.001">
    <system-out><![CDATA[carte special jouer : PLUS4_W
]]></system-out>
  </testcase>
  <testcase name="testingPlayThisCard3" classname="fr.pantheonsorbonne.miage.PlayerTest" time="0.001"/>
  <testcase name="testingContainSpecialCard" classname="fr.pantheonsorbonne.miage.PlayerTest" time="0.002"/>
  <testcase name="testingPlayThisCard" classname="fr.pantheonsorbonne.miage.PlayerTest" time="0.002"/>
  <testcase name="testingplayThisSpecialCard2" classname="fr.pantheonsorbonne.miage.PlayerTest" time="0.003"/>
  <testcase name="testingplayThisSpecialCard" classname="fr.pantheonsorbonne.miage.PlayerTest" time="0.003">
    <system-out><![CDATA[carte special jouer : PLUS4_W
]]></system-out>
  </testcase>
  <testcase name="testinggetgetCardYouCanPlay" classname="fr.pantheonsorbonne.miage.PlayerTest" time="0.001"/>
  <testcase name="testingContainSpecialCard2" classname="fr.pantheonsorbonne.miage.PlayerTest" time="0.001"/>
  <testcase name="testinggetIfYouCanPlayTheCard2" classname="fr.pantheonsorbonne.miage.PlayerTest" time="0.001"/>
  <testcase name="testinggetIfYouCanPlayTheCards" classname="fr.pantheonsorbonne.miage.PlayerTest" time="0.001"/>
</testsuite>